<?xml version="1.0" encoding="UTF-8"?>
<testng-results ignored="0" total="1" passed="1" failed="0" skipped="0">
  <reporter-output>
  </reporter-output>
  <suite started-at="2021-10-24T02:13:16 EDT" name="Default suite" finished-at="2021-10-24T02:13:19 EDT" duration-ms="2712">
    <groups>
      <group name="cucumber">
        <method signature="AbstractTestNGCucumberTests.runScenario(io.cucumber.testng.PickleWrapper,io.cucumber.testng.FeatureWrapper)[pri:0, instance:com.runner.RunnerLogin@1b11171f]" name="runScenario" class="io.cucumber.testng.AbstractTestNGCucumberTests"/>
      </group> <!-- cucumber -->
    </groups>
    <test started-at="2021-10-24T02:13:16 EDT" name="Default test" finished-at="2021-10-24T02:13:19 EDT" duration-ms="2712">
      <class name="com.runner.RunnerLogin">
        <test-method is-config="true" signature="setUpClass()[pri:0, instance:com.runner.RunnerLogin@1b11171f]" started-at="2021-10-24T02:13:16 EDT" name="setUpClass" finished-at="2021-10-24T02:13:16 EDT" duration-ms="251" status="PASS">
          <reporter-output>
          </reporter-output>
        </test-method> <!-- setUpClass -->
        <test-method signature="runScenario(io.cucumber.testng.PickleWrapper,io.cucumber.testng.FeatureWrapper)[pri:0, instance:com.runner.RunnerLogin@1b11171f]" started-at="2021-10-24T02:13:16 EDT" name="runScenario" description="Runs Cucumber Scenarios" data-provider="scenarios" finished-at="2021-10-24T02:13:16 EDT" duration-ms="95" status="PASS">
          <params>
            <param index="0">
              <value>
                <![CDATA["As a zoopla user, I should be able to login using valid credentials"]]>
              </value>
            </param>
            <param index="1">
              <value>
                <![CDATA["Optional[Zoopla login test]"]]>
              </value>
            </param>
          </params>
          <reporter-output>
          </reporter-output>
        </test-method> <!-- runScenario -->
        <test-method is-config="true" signature="getExtentReport()[pri:0, instance:com.runner.RunnerLogin@1b11171f]" started-at="2021-10-24T02:13:16 EDT" name="getExtentReport" finished-at="2021-10-24T02:13:17 EDT" duration-ms="339" status="PASS">
          <reporter-output>
          </reporter-output>
        </test-method> <!-- getExtentReport -->
        <test-method is-config="true" signature="tearDownClass()[pri:0, instance:com.runner.RunnerLogin@1b11171f]" started-at="2021-10-24T02:13:17 EDT" name="tearDownClass" finished-at="2021-10-24T02:13:19 EDT" duration-ms="2004" status="PASS">
          <reporter-output>
          </reporter-output>
        </test-method> <!-- tearDownClass -->
      </class> <!-- com.runner.RunnerLogin -->
    </test> <!-- Default test -->
  </suite> <!-- Default suite -->
</testng-results>
